<?xml version="1.0" encoding="UTF-8"?>
<testng-results skipped="0" failed="0" ignored="0" total="1" passed="1">
  <reporter-output>
  </reporter-output>
  <suite name="Suite" duration-ms="145927" started-at="2018-12-15T14:42:50Z" finished-at="2018-12-15T14:45:16Z">
    <groups>
      <group name="Functional">
        <method signature="BuyMagicMouse.positiveE2ETestCase(java.lang.String)[pri:1, instance:ethoca_project.BuyMagicMouse@6321e813]" name="positiveE2ETestCase" class="ethoca_project.BuyMagicMouse"/>
      </group> <!-- Functional -->
      <group name="Regression">
        <method signature="BuyMagicMouse.positiveE2ETestCase(java.lang.String)[pri:1, instance:ethoca_project.BuyMagicMouse@6321e813]" name="positiveE2ETestCase" class="ethoca_project.BuyMagicMouse"/>
      </group> <!-- Regression -->
    </groups>
    <test name="Test" duration-ms="145927" started-at="2018-12-15T14:42:50Z" finished-at="2018-12-15T14:45:16Z">
      <class name="ethoca_project.BuyMagicMouse">
        <test-method status="PASS" signature="initializeTest()[pri:0, instance:ethoca_project.BuyMagicMouse@6321e813]" name="initializeTest" is-config="true" duration-ms="108762" started-at="2018-12-15T14:42:50Z" finished-at="2018-12-15T14:44:39Z">
          <reporter-output>
          </reporter-output>
        </test-method> <!-- initializeTest -->
        <test-method status="PASS" signature="positiveE2ETestCase(java.lang.String)[pri:1, instance:ethoca_project.BuyMagicMouse@6321e813]" name="positiveE2ETestCase" duration-ms="36055" started-at="2018-12-15T14:44:39Z" finished-at="2018-12-15T14:45:15Z">
          <params>
            <param index="0">
              <value>
                <![CDATA[1]]>
              </value>
            </param>
          </params>
          <reporter-output>
          </reporter-output>
        </test-method> <!-- positiveE2ETestCase -->
        <test-method status="PASS" signature="tearDown()[pri:0, instance:ethoca_project.BuyMagicMouse@6321e813]" name="tearDown" is-config="true" duration-ms="1024" started-at="2018-12-15T14:45:15Z" finished-at="2018-12-15T14:45:16Z">
          <reporter-output>
          </reporter-output>
        </test-method> <!-- tearDown -->
      </class> <!-- ethoca_project.BuyMagicMouse -->
    </test> <!-- Test -->
  </suite> <!-- Suite -->
</testng-results>
